<?xml version="1.0" encoding="UTF-8"?>
<!-- Generated by org.testng.reporters.JUnitReportReporter -->
<testsuite hostname="EC2AMAZ-KOIM09K" failures="0" tests="1" name="demoProject.TestClass" time="0.017" errors="0" timestamp="13 Dec 2020 16:03:35 GMT">
  <testcase classname="demoProject.TestClass" name="check" time="0.017"/>
</testsuite> <!-- demoProject.TestClass -->
